c:\program files\netsim standard\src\simulation - copy\rpl\debug\vc140.pdb
c:\program files\netsim standard\src\simulation - copy\rpl\debug\vc140.idb
c:\program files\netsim standard\src\simulation - copy\rpl\debug\dao.obj
c:\program files\netsim standard\src\simulation - copy\rpl\debug\dio.obj
c:\program files\netsim standard\src\simulation - copy\rpl\debug\dis.obj
c:\program files\netsim standard\src\simulation - copy\rpl\debug\dodag.obj
c:\program files\netsim standard\src\simulation - copy\rpl\debug\neighbor.obj
c:\program files\netsim standard\src\simulation - copy\rpl\debug\rpl.obj
c:\program files\netsim standard\src\simulation - copy\rpl\debug\rpl_enum.obj
c:\program files\netsim standard\src\simulation - copy\rpl\debug\rpl_message.obj
c:\program files\netsim standard\src\simulation - copy\rpl\debug\sequencenumber.obj
c:\program files\netsim standard\src\simulation - copy\rpl\debug\trickle.obj
d:\krishna chaitanya\netsim_rpl_matalb_interface\rpl\debug\dao.obj
d:\krishna chaitanya\netsim_rpl_matalb_interface\rpl\debug\dio.obj
d:\krishna chaitanya\netsim_rpl_matalb_interface\rpl\debug\dis.obj
d:\krishna chaitanya\netsim_rpl_matalb_interface\rpl\debug\dodag.obj
d:\krishna chaitanya\netsim_rpl_matalb_interface\rpl\debug\neighbor.obj
d:\krishna chaitanya\netsim_rpl_matalb_interface\rpl\debug\rpl.obj
d:\krishna chaitanya\netsim_rpl_matalb_interface\rpl\debug\rpl_enum.obj
d:\krishna chaitanya\netsim_rpl_matalb_interface\rpl\debug\rpl_message.obj
d:\krishna chaitanya\netsim_rpl_matalb_interface\rpl\debug\sequencenumber.obj
d:\krishna chaitanya\netsim_rpl_matalb_interface\rpl\debug\trickle.obj
d:\krishna chaitanya\netsim_rpl_matalb_interface\rpl\debug\vc140.idb
d:\krishna chaitanya\netsim_rpl_matalb_interface\rpl\debug\vc140.pdb
d:\krishna chaitanya\netsim_rpl_matalb_interface\rpl\debug\rpl.tlog\cl.command.1.tlog
d:\krishna chaitanya\netsim_rpl_matalb_interface\rpl\debug\rpl.tlog\cl.read.1.tlog
d:\krishna chaitanya\netsim_rpl_matalb_interface\rpl\debug\rpl.tlog\cl.write.1.tlog
d:\krishna chaitanya\netsim_rpl_matalb_interface\rpl\debug\rpl.tlog\link-cvtres.read.1.tlog
d:\krishna chaitanya\netsim_rpl_matalb_interface\rpl\debug\rpl.tlog\link-cvtres.write.1.tlog
d:\krishna chaitanya\netsim_rpl_matalb_interface\rpl\debug\rpl.tlog\link-rc.read.1.tlog
d:\krishna chaitanya\netsim_rpl_matalb_interface\rpl\debug\rpl.tlog\link-rc.write.1.tlog
d:\krishna chaitanya\netsim_rpl_matalb_interface\rpl\debug\rpl.tlog\link.command.1.tlog
d:\krishna chaitanya\netsim_rpl_matalb_interface\rpl\debug\rpl.tlog\link.read.1.tlog
d:\krishna chaitanya\netsim_rpl_matalb_interface\rpl\debug\rpl.tlog\link.write.1.tlog
