d:\krishna chaitanya\23-06\netsim_rpl_matalb_interface\rpl\x64\debug\vc140.pdb
d:\krishna chaitanya\23-06\netsim_rpl_matalb_interface\rpl\x64\debug\vc140.idb
d:\krishna chaitanya\23-06\netsim_rpl_matalb_interface\rpl\x64\debug\dao.obj
d:\krishna chaitanya\23-06\netsim_rpl_matalb_interface\rpl\x64\debug\dio.obj
d:\krishna chaitanya\23-06\netsim_rpl_matalb_interface\rpl\x64\debug\dis.obj
d:\krishna chaitanya\23-06\netsim_rpl_matalb_interface\rpl\x64\debug\dodag.obj
d:\krishna chaitanya\23-06\netsim_rpl_matalb_interface\rpl\x64\debug\matlab_interface.obj
d:\krishna chaitanya\23-06\netsim_rpl_matalb_interface\rpl\x64\debug\neighbor.obj
d:\krishna chaitanya\23-06\netsim_rpl_matalb_interface\rpl\x64\debug\rpl.obj
d:\krishna chaitanya\23-06\netsim_rpl_matalb_interface\rpl\x64\debug\rpl_enum.obj
d:\krishna chaitanya\23-06\netsim_rpl_matalb_interface\rpl\x64\debug\rpl_message.obj
d:\krishna chaitanya\23-06\netsim_rpl_matalb_interface\rpl\x64\debug\sequencenumber.obj
d:\krishna chaitanya\23-06\netsim_rpl_matalb_interface\rpl\x64\debug\trickle.obj
d:\krishna chaitanya\23-06\netsim_rpl_matalb_interface\dll\librpl.dll
d:\krishna chaitanya\23-06\netsim_rpl_matalb_interface\dll\rpl.pdb
d:\krishna chaitanya\23-06\netsim_rpl_matalb_interface\dll\rpl.lib
d:\krishna chaitanya\23-06\netsim_rpl_matalb_interface\dll\rpl.exp
d:\krishna chaitanya\23-06\netsim_rpl_matalb_interface\rpl\x64\debug\rpl.tlog\cl.command.1.tlog
d:\krishna chaitanya\23-06\netsim_rpl_matalb_interface\rpl\x64\debug\rpl.tlog\cl.read.1.tlog
d:\krishna chaitanya\23-06\netsim_rpl_matalb_interface\rpl\x64\debug\rpl.tlog\cl.write.1.tlog
d:\krishna chaitanya\23-06\netsim_rpl_matalb_interface\rpl\x64\debug\rpl.tlog\link.command.1.tlog
d:\krishna chaitanya\23-06\netsim_rpl_matalb_interface\rpl\x64\debug\rpl.tlog\link.read.1.tlog
d:\krishna chaitanya\23-06\netsim_rpl_matalb_interface\rpl\x64\debug\rpl.tlog\link.write.1.tlog
d:\krishna chaitanya\23-06\netsim_rpl_matalb_interface\rpl\x64\debug\rpl.tlog\rpl.write.1u.tlog
